c:\users\ruslan\documents\vs workspace\openglproj\opengl_s\opengl_s\release\vc141.pdb
c:\users\ruslan\documents\vs workspace\openglproj\opengl_s\opengl_s\release\spaceship.obj
c:\users\ruslan\documents\vs workspace\openglproj\opengl_s\opengl_s\release\mesh.obj
c:\users\ruslan\documents\vs workspace\openglproj\opengl_s\opengl_s\release\main.obj
c:\users\ruslan\documents\vs workspace\openglproj\opengl_s\opengl_s\release\camera.obj
c:\users\ruslan\documents\vs workspace\openglproj\opengl_s\opengl_s\release\levelmeteorshower.obj
c:\users\ruslan\documents\vs workspace\openglproj\opengl_s\opengl_s\release\levelfreeroom.obj
c:\users\ruslan\documents\vs workspace\openglproj\opengl_s\opengl_s\release\leveleaster.obj
c:\users\ruslan\documents\vs workspace\openglproj\opengl_s\opengl_s\release\leveldefault.obj
c:\users\ruslan\documents\vs workspace\openglproj\opengl_s\opengl_s\release\input.obj
c:\users\ruslan\documents\vs workspace\openglproj\opengl_s\opengl_s\release\hudelement.obj
c:\users\ruslan\documents\vs workspace\openglproj\opengl_s\opengl_s\release\gamemanager.obj
c:\users\ruslan\documents\vs workspace\openglproj\opengl_s\opengl_s\release\gamelevel.obj
c:\users\ruslan\documents\vs workspace\openglproj\opengl_s\opengl_s\release\entitycontroller.obj
c:\users\ruslan\documents\vs workspace\openglproj\opengl_s\opengl_s\release\entity.obj
c:\users\ruslan\documents\vs workspace\openglproj\opengl_s\opengl_s\release\enemy.obj
c:\users\ruslan\documents\vs workspace\openglproj\opengl_s\opengl_s\release\decor.obj
c:\users\ruslan\documents\vs workspace\openglproj\opengl_s\opengl_s\release\cubemap.obj
c:\users\ruslan\documents\vs workspace\openglproj\opengl_s\opengl_s\release\button.obj
c:\users\ruslan\documents\vs workspace\openglproj\opengl_s\opengl_s\release\bulletcontroller.obj
c:\users\ruslan\documents\vs workspace\openglproj\opengl_s\opengl_s\release\bullet.obj
c:\users\ruslan\documents\vs workspace\openglproj\opengl_s\opengl_s\release\beamcontroller.obj
c:\users\ruslan\documents\vs workspace\openglproj\opengl_s\opengl_s\release\beambillboard.obj
c:\users\ruslan\documents\vs workspace\openglproj\opengl_s\opengl_s\release\asteroid.obj
c:\users\ruslan\documents\vs workspace\openglproj\opengl_s\opengl_s\release\texture.obj
c:\users\ruslan\documents\vs workspace\openglproj\opengl_s\opengl_s\release\soundmanager.obj
c:\users\ruslan\documents\vs workspace\openglproj\opengl_s\opengl_s\release\ray.obj
c:\users\ruslan\documents\vs workspace\openglproj\opengl_s\opengl_s\release\pausemenu.obj
c:\users\ruslan\documents\vs workspace\openglproj\opengl_s\opengl_s\release\particletexture.obj
c:\users\ruslan\documents\vs workspace\openglproj\opengl_s\opengl_s\release\particlerenderer.obj
c:\users\ruslan\documents\vs workspace\openglproj\opengl_s\opengl_s\release\particlecontroller.obj
c:\users\ruslan\documents\vs workspace\openglproj\opengl_s\opengl_s\release\particle.obj
c:\users\ruslan\documents\vs workspace\openglproj\opengl_s\opengl_s\release\numerichud.obj
c:\users\ruslan\documents\vs workspace\openglproj\opengl_s\opengl_s\release\models.obj
c:\users\ruslan\documents\vs workspace\openglproj\opengl_s\opengl_s\release\menuscreen.obj
c:\users\ruslan\documents\vs workspace\openglproj\opengl_s\opengl_s\release\mainmenu.obj
c:\users\ruslan\documents\vs workspace\openglproj\opengl_s\opengl_s\release\maingui.obj
c:\users\ruslan\documents\vs workspace\openglproj\opengl_s\opengl_s\release\image_helper.obj
c:\users\ruslan\documents\vs workspace\openglproj\opengl_s\opengl_s\release\image_dxt.obj
c:\users\ruslan\documents\vs workspace\openglproj\opengl_s\opengl_s\release\etc1_utils.obj
c:\users\ruslan\documents\vs workspace\openglproj\opengl_s\opengl_s\release\soil2.obj
c:\users\ruslan\documents\vs workspace\openglproj\opengl_s\release\opengl_s.ipdb
c:\users\ruslan\documents\vs workspace\openglproj\opengl_s\release\opengl_s.iobj
c:\users\ruslan\documents\vs workspace\openglproj\opengl_s\opengl_s\release\opengl_s.res
c:\users\ruslan\documents\vs workspace\openglproj\opengl_s\release\opengl_s.pdb
c:\users\ruslan\documents\vs workspace\openglproj\opengl_s\opengl_s\release\opengl_s.tlog\cl.command.1.tlog
c:\users\ruslan\documents\vs workspace\openglproj\opengl_s\opengl_s\release\opengl_s.tlog\cl.read.1.tlog
c:\users\ruslan\documents\vs workspace\openglproj\opengl_s\opengl_s\release\opengl_s.tlog\cl.write.1.tlog
c:\users\ruslan\documents\vs workspace\openglproj\opengl_s\opengl_s\release\opengl_s.tlog\link.command.1.tlog
c:\users\ruslan\documents\vs workspace\openglproj\opengl_s\opengl_s\release\opengl_s.tlog\link.read.1.tlog
c:\users\ruslan\documents\vs workspace\openglproj\opengl_s\opengl_s\release\opengl_s.tlog\link.write.1.tlog
c:\users\ruslan\documents\vs workspace\openglproj\opengl_s\opengl_s\release\opengl_s.tlog\opengl_s.write.1u.tlog
c:\users\ruslan\documents\vs workspace\openglproj\opengl_s\opengl_s\release\opengl_s.tlog\rc.command.1.tlog
c:\users\ruslan\documents\vs workspace\openglproj\opengl_s\opengl_s\release\opengl_s.tlog\rc.read.1.tlog
c:\users\ruslan\documents\vs workspace\openglproj\opengl_s\opengl_s\release\opengl_s.tlog\rc.write.1.tlog
