c:\users\ruslan\documents\vs workspace\openglproj\opengl_s\opengl_s\debug\vc141.pdb
c:\users\ruslan\documents\vs workspace\openglproj\opengl_s\opengl_s\debug\vc141.idb
c:\users\ruslan\documents\vs workspace\openglproj\opengl_s\opengl_s\debug\levelmeteorshower.obj
c:\users\ruslan\documents\vs workspace\openglproj\opengl_s\opengl_s\debug\levelfreeroom.obj
c:\users\ruslan\documents\vs workspace\openglproj\opengl_s\opengl_s\debug\leveleaster.obj
c:\users\ruslan\documents\vs workspace\openglproj\opengl_s\opengl_s\debug\leveldefault.obj
c:\users\ruslan\documents\vs workspace\openglproj\opengl_s\opengl_s\debug\input.obj
c:\users\ruslan\documents\vs workspace\openglproj\opengl_s\opengl_s\debug\hudelement.obj
c:\users\ruslan\documents\vs workspace\openglproj\opengl_s\opengl_s\debug\gamemanager.obj
c:\users\ruslan\documents\vs workspace\openglproj\opengl_s\opengl_s\debug\gamelevel.obj
c:\users\ruslan\documents\vs workspace\openglproj\opengl_s\opengl_s\debug\entitycontroller.obj
c:\users\ruslan\documents\vs workspace\openglproj\opengl_s\opengl_s\debug\entity.obj
c:\users\ruslan\documents\vs workspace\openglproj\opengl_s\opengl_s\debug\enemy.obj
c:\users\ruslan\documents\vs workspace\openglproj\opengl_s\opengl_s\debug\decor.obj
c:\users\ruslan\documents\vs workspace\openglproj\opengl_s\opengl_s\debug\cubemap.obj
c:\users\ruslan\documents\vs workspace\openglproj\opengl_s\opengl_s\debug\camera.obj
c:\users\ruslan\documents\vs workspace\openglproj\opengl_s\opengl_s\debug\button.obj
c:\users\ruslan\documents\vs workspace\openglproj\opengl_s\opengl_s\debug\bulletcontroller.obj
c:\users\ruslan\documents\vs workspace\openglproj\opengl_s\opengl_s\debug\bullet.obj
c:\users\ruslan\documents\vs workspace\openglproj\opengl_s\opengl_s\debug\beamcontroller.obj
c:\users\ruslan\documents\vs workspace\openglproj\opengl_s\opengl_s\debug\beambillboard.obj
c:\users\ruslan\documents\vs workspace\openglproj\opengl_s\opengl_s\debug\asteroid.obj
c:\users\ruslan\documents\vs workspace\openglproj\opengl_s\opengl_s\debug\texture.obj
c:\users\ruslan\documents\vs workspace\openglproj\opengl_s\opengl_s\debug\spaceship.obj
c:\users\ruslan\documents\vs workspace\openglproj\opengl_s\opengl_s\debug\soundmanager.obj
c:\users\ruslan\documents\vs workspace\openglproj\opengl_s\opengl_s\debug\ray.obj
c:\users\ruslan\documents\vs workspace\openglproj\opengl_s\opengl_s\debug\pausemenu.obj
c:\users\ruslan\documents\vs workspace\openglproj\opengl_s\opengl_s\debug\particletexture.obj
c:\users\ruslan\documents\vs workspace\openglproj\opengl_s\opengl_s\debug\particlerenderer.obj
c:\users\ruslan\documents\vs workspace\openglproj\opengl_s\opengl_s\debug\particlecontroller.obj
c:\users\ruslan\documents\vs workspace\openglproj\opengl_s\opengl_s\debug\particle.obj
c:\users\ruslan\documents\vs workspace\openglproj\opengl_s\opengl_s\debug\numerichud.obj
c:\users\ruslan\documents\vs workspace\openglproj\opengl_s\opengl_s\debug\models.obj
c:\users\ruslan\documents\vs workspace\openglproj\opengl_s\opengl_s\debug\mesh.obj
c:\users\ruslan\documents\vs workspace\openglproj\opengl_s\opengl_s\debug\menuscreen.obj
c:\users\ruslan\documents\vs workspace\openglproj\opengl_s\opengl_s\debug\mainmenu.obj
c:\users\ruslan\documents\vs workspace\openglproj\opengl_s\opengl_s\debug\maingui.obj
c:\users\ruslan\documents\vs workspace\openglproj\opengl_s\opengl_s\debug\main.obj
c:\users\ruslan\documents\vs workspace\openglproj\opengl_s\opengl_s\debug\soil2.obj
c:\users\ruslan\documents\vs workspace\openglproj\opengl_s\opengl_s\debug\image_helper.obj
c:\users\ruslan\documents\vs workspace\openglproj\opengl_s\opengl_s\debug\image_dxt.obj
c:\users\ruslan\documents\vs workspace\openglproj\opengl_s\opengl_s\debug\etc1_utils.obj
c:\users\ruslan\documents\vs workspace\openglproj\opengl_s\debug\opengl_s.ilk
c:\users\ruslan\documents\vs workspace\openglproj\opengl_s\debug\opengl_s.exe
c:\users\ruslan\documents\vs workspace\openglproj\opengl_s\debug\opengl_s.pdb
c:\users\ruslan\documents\vs workspace\openglproj\opengl_s\opengl_s\debug\opengl_s.res
c:\users\ruslan\documents\vs workspace\openglproj\opengl_s\opengl_s\debug\opengl_s.tlog\cl.command.1.tlog
c:\users\ruslan\documents\vs workspace\openglproj\opengl_s\opengl_s\debug\opengl_s.tlog\cl.read.1.tlog
c:\users\ruslan\documents\vs workspace\openglproj\opengl_s\opengl_s\debug\opengl_s.tlog\cl.write.1.tlog
c:\users\ruslan\documents\vs workspace\openglproj\opengl_s\opengl_s\debug\opengl_s.tlog\link.command.1.tlog
c:\users\ruslan\documents\vs workspace\openglproj\opengl_s\opengl_s\debug\opengl_s.tlog\link.read.1.tlog
c:\users\ruslan\documents\vs workspace\openglproj\opengl_s\opengl_s\debug\opengl_s.tlog\link.write.1.tlog
c:\users\ruslan\documents\vs workspace\openglproj\opengl_s\opengl_s\debug\opengl_s.tlog\rc.command.1.tlog
c:\users\ruslan\documents\vs workspace\openglproj\opengl_s\opengl_s\debug\opengl_s.tlog\rc.read.1.tlog
c:\users\ruslan\documents\vs workspace\openglproj\opengl_s\opengl_s\debug\opengl_s.tlog\rc.write.1.tlog
